{"name":"user_can_write_review","status":"broken","statusDetails":{"known":false,"muted":false,"flaky":false,"message":"java.lang.reflect.InvocationTargetException\nBuild info: version: '3.141.59', revision: 'e82be7d358', time: '2018-11-14T08:17:03'\nSystem info: host: 'ONE_CLICK', ip: '192.168.49.1', os.name: 'Windows 10', os.arch: 'amd64', os.version: '10.0', java.version: '1.8.0_251'\nDriver info: driver.version: RemoteWebDriver","trace":"org.openqa.selenium.json.JsonException: java.lang.reflect.InvocationTargetException\nBuild info: version: '3.141.59', revision: 'e82be7d358', time: '2018-11-14T08:17:03'\nSystem info: host: 'ONE_CLICK', ip: '192.168.49.1', os.name: 'Windows 10', os.arch: 'amd64', os.version: '10.0', java.version: '1.8.0_251'\nDriver info: driver.version: RemoteWebDriver\r\n\tat org.openqa.selenium.json.JsonOutput.convertUsingMethod(JsonOutput.java:332)\r\n\tat org.openqa.selenium.json.JsonOutput.lambda$new$16(JsonOutput.java:155)\r\n\tat org.openqa.selenium.json.JsonOutput.write(JsonOutput.java:264)\r\n\tat org.openqa.selenium.json.JsonOutput.lambda$null$21(JsonOutput.java:168)\r\n\tat java.util.LinkedHashMap$LinkedValues.forEach(Unknown Source)\r\n\tat org.openqa.selenium.json.JsonOutput.lambda$new$22(JsonOutput.java:168)\r\n\tat org.openqa.selenium.json.JsonOutput.write(JsonOutput.java:264)\r\n\tat org.openqa.selenium.json.JsonOutput.lambda$null$23(JsonOutput.java:177)\r\n\tat com.google.common.collect.SingletonImmutableBiMap.forEach(SingletonImmutableBiMap.java:65)\r\n\tat org.openqa.selenium.json.JsonOutput.lambda$new$24(JsonOutput.java:176)\r\n\tat org.openqa.selenium.json.JsonOutput.write(JsonOutput.java:264)\r\n\tat org.openqa.selenium.json.JsonOutput.write(JsonOutput.java:255)\r\n\tat org.openqa.selenium.json.Json.toJson(Json.java:42)\r\n\tat org.openqa.selenium.remote.http.AbstractHttpCommandCodec.encode(AbstractHttpCommandCodec.java:227)\r\n\tat org.openqa.selenium.remote.http.AbstractHttpCommandCodec.encode(AbstractHttpCommandCodec.java:117)\r\n\tat org.openqa.selenium.remote.HttpCommandExecutor.execute(HttpCommandExecutor.java:152)\r\n\tat org.openqa.selenium.remote.service.DriverCommandExecutor.execute(DriverCommandExecutor.java:83)\r\n\tat org.openqa.selenium.remote.RemoteWebDriver.execute(RemoteWebDriver.java:552)\r\n\tat org.openqa.selenium.remote.RemoteWebDriver.perform(RemoteWebDriver.java:618)\r\n\tat org.openqa.selenium.interactions.Actions$BuiltAction.perform(Actions.java:639)\r\n\tat pages.Homepage.open_product(Homepage.java:55)\r\n\tat tests.Review_test.user_can_write_review(Review_test.java:18)\r\n\tat sun.reflect.NativeMethodAccessorImpl.invoke0(Native Method)\r\n\tat sun.reflect.NativeMethodAccessorImpl.invoke(Unknown Source)\r\n\tat sun.reflect.DelegatingMethodAccessorImpl.invoke(Unknown Source)\r\n\tat java.lang.reflect.Method.invoke(Unknown Source)\r\n\tat org.testng.internal.MethodInvocationHelper.invokeMethod(MethodInvocationHelper.java:134)\r\n\tat org.testng.internal.TestInvoker.invokeMethod(TestInvoker.java:597)\r\n\tat org.testng.internal.TestInvoker.invokeTestMethod(TestInvoker.java:173)\r\n\tat org.testng.internal.MethodRunner.runInSequence(MethodRunner.java:46)\r\n\tat org.testng.internal.TestInvoker$MethodInvocationAgent.invoke(TestInvoker.java:816)\r\n\tat org.testng.internal.TestInvoker.invokeTestMethods(TestInvoker.java:146)\r\n\tat org.testng.internal.TestMethodWorker.invokeTestMethods(TestMethodWorker.java:146)\r\n\tat org.testng.internal.TestMethodWorker.run(TestMethodWorker.java:128)\r\n\tat java.util.ArrayList.forEach(Unknown Source)\r\n\tat org.testng.TestRunner.privateRun(TestRunner.java:766)\r\n\tat org.testng.TestRunner.run(TestRunner.java:587)\r\n\tat org.testng.SuiteRunner.runTest(SuiteRunner.java:384)\r\n\tat org.testng.SuiteRunner.runSequentially(SuiteRunner.java:378)\r\n\tat org.testng.SuiteRunner.privateRun(SuiteRunner.java:337)\r\n\tat org.testng.SuiteRunner.run(SuiteRunner.java:286)\r\n\tat org.testng.SuiteRunnerWorker.runSuite(SuiteRunnerWorker.java:53)\r\n\tat org.testng.SuiteRunnerWorker.run(SuiteRunnerWorker.java:96)\r\n\tat org.testng.TestNG.runSuitesSequentially(TestNG.java:1187)\r\n\tat org.testng.TestNG.runSuitesLocally(TestNG.java:1109)\r\n\tat org.testng.TestNG.runSuites(TestNG.java:1039)\r\n\tat org.testng.TestNG.run(TestNG.java:1007)\r\n\tat org.testng.remote.AbstractRemoteTestNG.run(AbstractRemoteTestNG.java:115)\r\n\tat org.testng.remote.RemoteTestNG.initAndRun(RemoteTestNG.java:251)\r\n\tat org.testng.remote.RemoteTestNG.main(RemoteTestNG.java:77)\r\n\tSuppressed: org.openqa.selenium.json.JsonException: Attempting to close incomplete json stream\nBuild info: version: '3.141.59', revision: 'e82be7d358', time: '2018-11-14T08:17:03'\nSystem info: host: 'ONE_CLICK', ip: '192.168.49.1', os.name: 'Windows 10', os.arch: 'amd64', os.version: '10.0', java.version: '1.8.0_251'\nDriver info: driver.version: RemoteWebDriver\r\n\t\tat org.openqa.selenium.json.JsonOutput.close(JsonOutput.java:279)\r\n\t\tat org.openqa.selenium.json.Json.toJson(Json.java:44)\r\n\t\t... 37 more\r\nCaused by: java.lang.reflect.InvocationTargetException\r\n\tat sun.reflect.NativeMethodAccessorImpl.invoke0(Native Method)\r\n\tat sun.reflect.NativeMethodAccessorImpl.invoke(Unknown Source)\r\n\tat sun.reflect.DelegatingMethodAccessorImpl.invoke(Unknown Source)\r\n\tat java.lang.reflect.Method.invoke(Unknown Source)\r\n\tat org.openqa.selenium.json.JsonOutput.convertUsingMethod(JsonOutput.java:328)\r\n\t... 49 more\r\nCaused by: org.openqa.selenium.NoSuchElementException: Cannot locate an element using xpath=/html/body/div[2]/div[2]/div/div[2]/div/div[1]/ul[1]/li[2]/div/div[1]/div/a[1]/img\nFor documentation on this error, please visit: https://www.seleniumhq.org/exceptions/no_such_element.html\nBuild info: version: '3.141.59', revision: 'e82be7d358', time: '2018-11-14T08:17:03'\nSystem info: host: 'ONE_CLICK', ip: '192.168.49.1', os.name: 'Windows 10', os.arch: 'amd64', os.version: '10.0', java.version: '1.8.0_251'\nDriver info: driver.version: RemoteWebDriver\r\n\tat org.openqa.selenium.remote.RemoteWebDriver.findElement(RemoteWebDriver.java:327)\r\n\tat org.openqa.selenium.remote.RemoteWebDriver.findElementByXPath(RemoteWebDriver.java:428)\r\n\tat org.openqa.selenium.By$ByXPath.findElement(By.java:353)\r\n\tat org.openqa.selenium.remote.RemoteWebDriver.findElement(RemoteWebDriver.java:315)\r\n\tat org.openqa.selenium.support.pagefactory.DefaultElementLocator.findElement(DefaultElementLocator.java:69)\r\n\tat org.openqa.selenium.support.pagefactory.internal.LocatingElementHandler.invoke(LocatingElementHandler.java:38)\r\n\tat com.sun.proxy.$Proxy28.getWrappedElement(Unknown Source)\r\n\tat org.openqa.selenium.interactions.PointerInput$Origin.asArg(PointerInput.java:204)\r\n\tat org.openqa.selenium.interactions.PointerInput$Move.encode(PointerInput.java:155)\r\n\tat org.openqa.selenium.interactions.Sequence.encode(Sequence.java:75)\r\n\tat org.openqa.selenium.interactions.Sequence.toJson(Sequence.java:84)\r\n\t... 54 more\r\n"},"stage":"finished","steps":[],"attachments":[],"parameters":[],"start":1617715140183,"stop":1617715147373,"uuid":"7ea88d59-2581-4288-a111-f2defbb9c673","historyId":"845328b6ada1c4fb43b4e81b4643af21","fullName":"tests.Review_test.user_can_write_review","labels":[{"name":"package","value":"tests.Review_test"},{"name":"testClass","value":"tests.Review_test"},{"name":"testMethod","value":"user_can_write_review"},{"name":"parentSuite","value":"Default suite"},{"name":"suite","value":"Default test"},{"name":"subSuite","value":"tests.Review_test"},{"name":"host","value":"one_Click"},{"name":"thread","value":"1036@one_Click.main(1)"},{"name":"framework","value":"testng"},{"name":"language","value":"java"}],"links":[]}